2025-09-13 02:00:57,989 INFO: abl-booth-tool startup [in /root/abl-booth-tool/backend/app/__init__.py:48]
2025-09-13 02:21:31,927 INFO: abl-booth-tool startup [in /root/abl-booth-tool/backend/app/__init__.py:48]
2025-09-13 02:21:32,080 INFO: abl-booth-tool startup [in /root/abl-booth-tool/backend/app/__init__.py:48]
2025-09-13 02:21:32,115 INFO: abl-booth-tool startup [in /root/abl-booth-tool/backend/app/__init__.py:48]
2025-09-13 02:24:28,713 INFO: abl-booth-tool startup [in /root/abl-booth-tool/backend/app/__init__.py:48]
2025-09-13 02:24:28,874 INFO: abl-booth-tool startup [in /root/abl-booth-tool/backend/app/__init__.py:48]
2025-09-13 02:24:28,998 INFO: abl-booth-tool startup [in /root/abl-booth-tool/backend/app/__init__.py:48]
2025-09-13 02:25:32,654 INFO: abl-booth-tool startup [in /root/abl-booth-tool/backend/app/__init__.py:48]
2025-09-13 02:25:32,908 INFO: abl-booth-tool startup [in /root/abl-booth-tool/backend/app/__init__.py:48]
2025-09-13 02:25:32,997 INFO: abl-booth-tool startup [in /root/abl-booth-tool/backend/app/__init__.py:48]
2025-09-13 03:01:07,088 INFO: abl-booth-tool startup [in /root/abl-booth-tool/backend/app/__init__.py:48]
2025-09-13 03:01:07,213 INFO: abl-booth-tool startup [in /root/abl-booth-tool/backend/app/__init__.py:48]
2025-09-13 03:01:07,388 INFO: abl-booth-tool startup [in /root/abl-booth-tool/backend/app/__init__.py:48]
2025-09-13 03:02:53,480 INFO: abl-booth-tool startup [in /root/abl-booth-tool/backend/app/__init__.py:48]
2025-09-13 03:02:53,701 INFO: abl-booth-tool startup [in /root/abl-booth-tool/backend/app/__init__.py:48]
2025-09-13 03:02:53,893 INFO: abl-booth-tool startup [in /root/abl-booth-tool/backend/app/__init__.py:48]
2025-09-13 03:06:11,696 INFO: abl-booth-tool startup [in /root/abl-booth-tool/backend/app/__init__.py:48]
2025-09-13 03:06:11,859 INFO: abl-booth-tool startup [in /root/abl-booth-tool/backend/app/__init__.py:48]
2025-09-13 03:06:12,150 INFO: abl-booth-tool startup [in /root/abl-booth-tool/backend/app/__init__.py:48]
2025-09-13 03:09:07,395 INFO: abl-booth-tool startup [in /root/abl-booth-tool/backend/app/__init__.py:48]
2025-09-13 03:09:07,604 INFO: abl-booth-tool startup [in /root/abl-booth-tool/backend/app/__init__.py:48]
2025-09-13 03:09:07,618 INFO: abl-booth-tool startup [in /root/abl-booth-tool/backend/app/__init__.py:48]
2025-09-13 03:11:36,013 INFO: abl-booth-tool startup [in /root/abl-booth-tool/backend/app/__init__.py:48]
2025-09-13 03:11:36,016 INFO: abl-booth-tool startup [in /root/abl-booth-tool/backend/app/__init__.py:48]
2025-09-13 03:11:36,188 INFO: abl-booth-tool startup [in /root/abl-booth-tool/backend/app/__init__.py:48]
2025-09-13 03:13:39,382 INFO: abl-booth-tool startup [in /root/abl-booth-tool/backend/app/__init__.py:48]
2025-09-13 03:13:39,422 INFO: abl-booth-tool startup [in /root/abl-booth-tool/backend/app/__init__.py:48]
2025-09-13 03:13:39,542 INFO: abl-booth-tool startup [in /root/abl-booth-tool/backend/app/__init__.py:48]
2025-09-13 03:16:26,490 INFO: abl-booth-tool startup [in /root/abl-booth-tool/backend/app/__init__.py:48]
2025-09-13 03:16:26,627 INFO: abl-booth-tool startup [in /root/abl-booth-tool/backend/app/__init__.py:48]
2025-09-13 03:16:26,697 INFO: abl-booth-tool startup [in /root/abl-booth-tool/backend/app/__init__.py:48]
2025-09-13 03:19:21,823 INFO: abl-booth-tool startup [in /root/abl-booth-tool/backend/app/__init__.py:48]
2025-09-13 03:19:21,971 INFO: abl-booth-tool startup [in /root/abl-booth-tool/backend/app/__init__.py:48]
2025-09-13 03:19:22,014 INFO: abl-booth-tool startup [in /root/abl-booth-tool/backend/app/__init__.py:48]
2025-09-17 06:58:50,977 INFO: abl-booth-tool startup [in /root/abl-booth-tool/backend/app/__init__.py:48]
2025-09-17 06:58:51,022 INFO: abl-booth-tool startup [in /root/abl-booth-tool/backend/app/__init__.py:48]
2025-09-17 06:58:51,040 INFO: abl-booth-tool startup [in /root/abl-booth-tool/backend/app/__init__.py:48]
2025-09-24 06:24:30,659 INFO: abl-booth-tool startup [in /root/abl-booth-tool/backend/app/__init__.py:48]
2025-09-24 06:24:30,659 INFO: abl-booth-tool startup [in /root/abl-booth-tool/backend/app/__init__.py:48]
2025-09-24 06:24:30,681 INFO: abl-booth-tool startup [in /root/abl-booth-tool/backend/app/__init__.py:48]
2025-09-27 19:44:54,552 INFO: abl-booth-tool startup [in /root/abl-booth-tool/backend/app/__init__.py:48]
2025-09-27 19:44:54,561 INFO: abl-booth-tool startup [in /root/abl-booth-tool/backend/app/__init__.py:48]
2025-09-27 19:44:54,565 INFO: abl-booth-tool startup [in /root/abl-booth-tool/backend/app/__init__.py:48]
2025-09-27 19:45:01,228 ERROR: Exception on /sale/api/events/2/orders [GET] [in /root/abl-booth-tool/backend/venv/lib/python3.12/site-packages/flask/app.py:875]
Traceback (most recent call last):
  File "/root/abl-booth-tool/backend/venv/lib/python3.12/site-packages/sqlalchemy/engine/base.py", line 1967, in _exec_single_context
    self.dialect.do_execute(
  File "/root/abl-booth-tool/backend/venv/lib/python3.12/site-packages/sqlalchemy/engine/default.py", line 951, in do_execute
    cursor.execute(statement, parameters)
sqlite3.OperationalError: no such column: master_product.category

The above exception was the direct cause of the following exception:

Traceback (most recent call last):
  File "/root/abl-booth-tool/backend/venv/lib/python3.12/site-packages/flask/app.py", line 1511, in wsgi_app
    response = self.full_dispatch_request()
               ^^^^^^^^^^^^^^^^^^^^^^^^^^^^
  File "/root/abl-booth-tool/backend/venv/lib/python3.12/site-packages/flask/app.py", line 919, in full_dispatch_request
    rv = self.handle_user_exception(e)
         ^^^^^^^^^^^^^^^^^^^^^^^^^^^^^
  File "/root/abl-booth-tool/backend/venv/lib/python3.12/site-packages/flask_cors/extension.py", line 176, in wrapped_function
    return cors_after_request(app.make_response(f(*args, **kwargs)))
                                                ^^^^^^^^^^^^^^^^^^
  File "/root/abl-booth-tool/backend/venv/lib/python3.12/site-packages/flask/app.py", line 917, in full_dispatch_request
    rv = self.dispatch_request()
         ^^^^^^^^^^^^^^^^^^^^^^^
  File "/root/abl-booth-tool/backend/venv/lib/python3.12/site-packages/flask/app.py", line 902, in dispatch_request
    return self.ensure_sync(self.view_functions[rule.endpoint])(**view_args)  # type: ignore[no-any-return]
           ^^^^^^^^^^^^^^^^^^^^^^^^^^^^^^^^^^^^^^^^^^^^^^^^^^^^^^^^^^^^^^^^^
  File "/root/abl-booth-tool/backend/app/sale_system/order_routes.py", line 24, in get_orders_for_event
    return jsonify([o.to_dict() for o in orders])
                    ^^^^^^^^^^^
  File "/root/abl-booth-tool/backend/app/models.py", line 118, in to_dict
    'items': [item.to_dict() for item in self.items]
              ^^^^^^^^^^^^^^
  File "/root/abl-booth-tool/backend/app/models.py", line 136, in to_dict
    'product_name': self.product.master_product.name,
                   ^^^^^^^^^^^^^^^^^^^^^^^^^^^
  File "/root/abl-booth-tool/backend/venv/lib/python3.12/site-packages/sqlalchemy/orm/attributes.py", line 569, in __get__
    return self.impl.get(state, dict_)  # type: ignore[no-any-return]
           ^^^^^^^^^^^^^^^^^^^^^^^^^^^
  File "/root/abl-booth-tool/backend/venv/lib/python3.12/site-packages/sqlalchemy/orm/attributes.py", line 1096, in get
    value = self._fire_loader_callables(state, key, passive)
            ^^^^^^^^^^^^^^^^^^^^^^^^^^^^^^^^^^^^^^^^^^^^^^^^
  File "/root/abl-booth-tool/backend/venv/lib/python3.12/site-packages/sqlalchemy/orm/attributes.py", line 1131, in _fire_loader_callables
    return self.callable_(state, passive)
           ^^^^^^^^^^^^^^^^^^^^^^^^^^^^^^
  File "/root/abl-booth-tool/backend/venv/lib/python3.12/site-packages/sqlalchemy/orm/strategies.py", line 978, in _load_for_state
    return self._emit_lazyload(
           ^^^^^^^^^^^^^^^^^^^^
  File "/root/abl-booth-tool/backend/venv/lib/python3.12/site-packages/sqlalchemy/orm/strategies.py", line 1079, in _emit_lazyload
    return loading.load_on_pk_identity(
           ^^^^^^^^^^^^^^^^^^^^^^^^^^^^
  File "/root/abl-booth-tool/backend/venv/lib/python3.12/site-packages/sqlalchemy/orm/loading.py", line 695, in load_on_pk_identity
    session.execute(
  File "/root/abl-booth-tool/backend/venv/lib/python3.12/site-packages/sqlalchemy/orm/session.py", line 2365, in execute
    return self._execute_internal(
           ^^^^^^^^^^^^^^^^^^^^^^^
  File "/root/abl-booth-tool/backend/venv/lib/python3.12/site-packages/sqlalchemy/orm/session.py", line 2251, in _execute_internal
    result: Result[Any] = compile_state_cls.orm_execute_statement(
                          ^^^^^^^^^^^^^^^^^^^^^^^^^^^^^^^^^^^^^^^^
  File "/root/abl-booth-tool/backend/venv/lib/python3.12/site-packages/sqlalchemy/orm/context.py", line 306, in orm_execute_statement
    result = conn.execute(
             ^^^^^^^^^^^^^
  File "/root/abl-booth-tool/backend/venv/lib/python3.12/site-packages/sqlalchemy/engine/base.py", line 1419, in execute
    return meth(
           ^^^^^
  File "/root/abl-booth-tool/backend/venv/lib/python3.12/site-packages/sqlalchemy/sql/elements.py", line 526, in _execute_on_connection
    return connection._execute_clauseelement(
           ^^^^^^^^^^^^^^^^^^^^^^^^^^^^^^^^^^
  File "/root/abl-booth-tool/backend/venv/lib/python3.12/site-packages/sqlalchemy/engine/base.py", line 1641, in _execute_clauseelement
    ret = self._execute_context(
          ^^^^^^^^^^^^^^^^^^^^^^
  File "/root/abl-booth-tool/backend/venv/lib/python3.12/site-packages/sqlalchemy/engine/base.py", line 1846, in _execute_context
    return self._exec_single_context(
           ^^^^^^^^^^^^^^^^^^^^^^^^^^
  File "/root/abl-booth-tool/backend/venv/lib/python3.12/site-packages/sqlalchemy/engine/base.py", line 1986, in _exec_single_context
    self._handle_dbapi_exception(
  File "/root/abl-booth-tool/backend/venv/lib/python3.12/site-packages/sqlalchemy/engine/base.py", line 2355, in _handle_dbapi_exception
    raise sqlalchemy_exception.with_traceback(exc_info[2]) from e
  File "/root/abl-booth-tool/backend/venv/lib/python3.12/site-packages/sqlalchemy/engine/base.py", line 1967, in _exec_single_context
    self.dialect.do_execute(
  File "/root/abl-booth-tool/backend/venv/lib/python3.12/site-packages/sqlalchemy/engine/default.py", line 951, in do_execute
    cursor.execute(statement, parameters)
sqlalchemy.exc.OperationalError: (sqlite3.OperationalError) no such column: master_product.category
[SQL: SELECT master_product.id AS master_product_id, master_product.product_code AS master_product_product_code, master_product.name AS master_product_name, master_product.default_price AS master_product_default_price, master_product.image_url AS master_product_image_url, master_product.is_active AS master_product_is_active, master_product.category AS master_product_category 
FROM master_product 
WHERE master_product.id = ?]
[parameters: (17,)]
(Background on this error at: https://sqlalche.me/e/20/e3q8)
2025-09-27 19:45:52,638 ERROR: Exception on /sale/api/master-products [GET] [in /root/abl-booth-tool/backend/venv/lib/python3.12/site-packages/flask/app.py:875]
Traceback (most recent call last):
  File "/root/abl-booth-tool/backend/venv/lib/python3.12/site-packages/sqlalchemy/engine/base.py", line 1967, in _exec_single_context
    self.dialect.do_execute(
  File "/root/abl-booth-tool/backend/venv/lib/python3.12/site-packages/sqlalchemy/engine/default.py", line 951, in do_execute
    cursor.execute(statement, parameters)
sqlite3.OperationalError: no such column: master_product.category

The above exception was the direct cause of the following exception:

Traceback (most recent call last):
  File "/root/abl-booth-tool/backend/venv/lib/python3.12/site-packages/flask/app.py", line 1511, in wsgi_app
    response = self.full_dispatch_request()
               ^^^^^^^^^^^^^^^^^^^^^^^^^^^^
  File "/root/abl-booth-tool/backend/venv/lib/python3.12/site-packages/flask/app.py", line 919, in full_dispatch_request
    rv = self.handle_user_exception(e)
         ^^^^^^^^^^^^^^^^^^^^^^^^^^^^^
  File "/root/abl-booth-tool/backend/venv/lib/python3.12/site-packages/flask_cors/extension.py", line 176, in wrapped_function
    return cors_after_request(app.make_response(f(*args, **kwargs)))
                                                ^^^^^^^^^^^^^^^^^^
  File "/root/abl-booth-tool/backend/venv/lib/python3.12/site-packages/flask/app.py", line 917, in full_dispatch_request
    rv = self.dispatch_request()
         ^^^^^^^^^^^^^^^^^^^^^^^
  File "/root/abl-booth-tool/backend/venv/lib/python3.12/site-packages/flask/app.py", line 902, in dispatch_request
    return self.ensure_sync(self.view_functions[rule.endpoint])(**view_args)  # type: ignore[no-any-return]
           ^^^^^^^^^^^^^^^^^^^^^^^^^^^^^^^^^^^^^^^^^^^^^^^^^^^^^^^^^^^^^^^^^
  File "/root/abl-booth-tool/backend/app/sale_system/master_product_routes.py", line 74, in get_master_products
    products = query.order_by(MasterProduct.product_code).all()
               ^^^^^^^^^^^^^^^^^^^^^^^^^^^^^^^^^^^^^^^^^^^^^^^^
  File "/root/abl-booth-tool/backend/venv/lib/python3.12/site-packages/sqlalchemy/orm/query.py", line 2704, in all
    return self._iter().all()  # type: ignore
           ^^^^^^^^^^^^
  File "/root/abl-booth-tool/backend/venv/lib/python3.12/site-packages/sqlalchemy/orm/query.py", line 2857, in _iter
    result: Union[ScalarResult[_T], Result[_T]] = self.session.execute(
                                                  ^^^^^^^^^^^^^^^^^^^^^
  File "/root/abl-booth-tool/backend/venv/lib/python3.12/site-packages/sqlalchemy/orm/session.py", line 2365, in execute
    return self._execute_internal(
           ^^^^^^^^^^^^^^^^^^^^^^^
  File "/root/abl-booth-tool/backend/venv/lib/python3.12/site-packages/sqlalchemy/orm/session.py", line 2251, in _execute_internal
    result: Result[Any] = compile_state_cls.orm_execute_statement(
                          ^^^^^^^^^^^^^^^^^^^^^^^^^^^^^^^^^^^^^^^^
  File "/root/abl-booth-tool/backend/venv/lib/python3.12/site-packages/sqlalchemy/orm/context.py", line 306, in orm_execute_statement
    result = conn.execute(
             ^^^^^^^^^^^^^
  File "/root/abl-booth-tool/backend/venv/lib/python3.12/site-packages/sqlalchemy/engine/base.py", line 1419, in execute
    return meth(
           ^^^^^
  File "/root/abl-booth-tool/backend/venv/lib/python3.12/site-packages/sqlalchemy/sql/elements.py", line 526, in _execute_on_connection
    return connection._execute_clauseelement(
           ^^^^^^^^^^^^^^^^^^^^^^^^^^^^^^^^^^
  File "/root/abl-booth-tool/backend/venv/lib/python3.12/site-packages/sqlalchemy/engine/base.py", line 1641, in _execute_clauseelement
    ret = self._execute_context(
          ^^^^^^^^^^^^^^^^^^^^^^
  File "/root/abl-booth-tool/backend/venv/lib/python3.12/site-packages/sqlalchemy/engine/base.py", line 1846, in _execute_context
    return self._exec_single_context(
           ^^^^^^^^^^^^^^^^^^^^^^^^^^
  File "/root/abl-booth-tool/backend/venv/lib/python3.12/site-packages/sqlalchemy/engine/base.py", line 1986, in _exec_single_context
    self._handle_dbapi_exception(
  File "/root/abl-booth-tool/backend/venv/lib/python3.12/site-packages/sqlalchemy/engine/base.py", line 2355, in _handle_dbapi_exception
    raise sqlalchemy_exception.with_traceback(exc_info[2]) from e
  File "/root/abl-booth-tool/backend/venv/lib/python3.12/site-packages/sqlalchemy/engine/base.py", line 1967, in _exec_single_context
    self.dialect.do_execute(
  File "/root/abl-booth-tool/backend/venv/lib/python3.12/site-packages/sqlalchemy/engine/default.py", line 951, in do_execute
    cursor.execute(statement, parameters)
sqlalchemy.exc.OperationalError: (sqlite3.OperationalError) no such column: master_product.category
[SQL: SELECT master_product.id AS master_product_id, master_product.product_code AS master_product_product_code, master_product.name AS master_product_name, master_product.default_price AS master_product_default_price, master_product.image_url AS master_product_image_url, master_product.is_active AS master_product_is_active, master_product.category AS master_product_category 
FROM master_product 
WHERE master_product.is_active = 1 ORDER BY master_product.product_code]
(Background on this error at: https://sqlalche.me/e/20/e3q8)
2025-09-27 19:49:56,091 INFO: abl-booth-tool startup [in /root/abl-booth-tool/backend/app/__init__.py:48]
2025-09-27 19:49:56,238 INFO: abl-booth-tool startup [in /root/abl-booth-tool/backend/app/__init__.py:48]
2025-09-27 19:49:56,582 INFO: abl-booth-tool startup [in /root/abl-booth-tool/backend/app/__init__.py:48]
2025-09-28 22:19:57,616 INFO: abl-booth-tool startup [in /root/abl-booth-tool/backend/app/__init__.py:48]
2025-09-28 22:19:57,670 INFO: abl-booth-tool startup [in /root/abl-booth-tool/backend/app/__init__.py:48]
2025-09-28 22:19:57,704 INFO: abl-booth-tool startup [in /root/abl-booth-tool/backend/app/__init__.py:48]
2025-09-28 22:21:20,400 INFO: abl-booth-tool startup [in /root/abl-booth-tool/backend/app/__init__.py:48]
2025-09-28 22:21:20,598 INFO: abl-booth-tool startup [in /root/abl-booth-tool/backend/app/__init__.py:48]
2025-09-28 22:21:20,857 INFO: abl-booth-tool startup [in /root/abl-booth-tool/backend/app/__init__.py:48]
2025-09-28 22:26:22,260 INFO: abl-booth-tool startup [in /root/abl-booth-tool/backend/app/__init__.py:48]
2025-09-28 22:27:41,973 INFO: abl-booth-tool startup [in /root/abl-booth-tool/backend/app/__init__.py:48]
2025-09-28 22:27:43,260 INFO: abl-booth-tool startup [in /root/abl-booth-tool/backend/app/__init__.py:48]
2025-09-28 22:27:44,528 INFO: abl-booth-tool startup [in /root/abl-booth-tool/backend/app/__init__.py:48]
2025-09-28 22:27:45,733 INFO: abl-booth-tool startup [in /root/abl-booth-tool/backend/app/__init__.py:48]
2025-09-28 22:27:46,908 INFO: abl-booth-tool startup [in /root/abl-booth-tool/backend/app/__init__.py:48]
2025-09-28 22:27:48,102 INFO: abl-booth-tool startup [in /root/abl-booth-tool/backend/app/__init__.py:48]
2025-09-28 22:27:49,318 INFO: abl-booth-tool startup [in /root/abl-booth-tool/backend/app/__init__.py:48]
2025-09-28 22:27:50,502 INFO: abl-booth-tool startup [in /root/abl-booth-tool/backend/app/__init__.py:48]
2025-09-28 22:27:51,686 INFO: abl-booth-tool startup [in /root/abl-booth-tool/backend/app/__init__.py:48]
2025-09-28 22:27:52,883 INFO: abl-booth-tool startup [in /root/abl-booth-tool/backend/app/__init__.py:48]
2025-09-28 22:27:54,101 INFO: abl-booth-tool startup [in /root/abl-booth-tool/backend/app/__init__.py:48]
2025-09-28 22:27:55,316 INFO: abl-booth-tool startup [in /root/abl-booth-tool/backend/app/__init__.py:48]
2025-09-28 22:27:56,570 INFO: abl-booth-tool startup [in /root/abl-booth-tool/backend/app/__init__.py:48]
2025-09-28 22:27:57,762 INFO: abl-booth-tool startup [in /root/abl-booth-tool/backend/app/__init__.py:48]
2025-09-28 22:27:58,931 INFO: abl-booth-tool startup [in /root/abl-booth-tool/backend/app/__init__.py:48]
2025-09-28 22:28:00,131 INFO: abl-booth-tool startup [in /root/abl-booth-tool/backend/app/__init__.py:48]
2025-09-28 22:28:01,339 INFO: abl-booth-tool startup [in /root/abl-booth-tool/backend/app/__init__.py:48]
2025-09-28 22:28:02,530 INFO: abl-booth-tool startup [in /root/abl-booth-tool/backend/app/__init__.py:48]
2025-09-28 22:28:03,717 INFO: abl-booth-tool startup [in /root/abl-booth-tool/backend/app/__init__.py:48]
2025-09-28 22:28:04,900 INFO: abl-booth-tool startup [in /root/abl-booth-tool/backend/app/__init__.py:48]
2025-09-28 22:28:06,114 INFO: abl-booth-tool startup [in /root/abl-booth-tool/backend/app/__init__.py:48]
2025-09-28 22:28:07,361 INFO: abl-booth-tool startup [in /root/abl-booth-tool/backend/app/__init__.py:48]
2025-09-28 22:28:08,547 INFO: abl-booth-tool startup [in /root/abl-booth-tool/backend/app/__init__.py:48]
2025-09-28 22:28:09,742 INFO: abl-booth-tool startup [in /root/abl-booth-tool/backend/app/__init__.py:48]
2025-09-28 22:28:10,910 INFO: abl-booth-tool startup [in /root/abl-booth-tool/backend/app/__init__.py:48]
2025-09-28 22:28:12,086 INFO: abl-booth-tool startup [in /root/abl-booth-tool/backend/app/__init__.py:48]
2025-09-28 22:28:13,251 INFO: abl-booth-tool startup [in /root/abl-booth-tool/backend/app/__init__.py:48]
2025-09-28 22:28:14,438 INFO: abl-booth-tool startup [in /root/abl-booth-tool/backend/app/__init__.py:48]
2025-09-28 22:28:15,613 INFO: abl-booth-tool startup [in /root/abl-booth-tool/backend/app/__init__.py:48]
2025-09-28 22:28:16,816 INFO: abl-booth-tool startup [in /root/abl-booth-tool/backend/app/__init__.py:48]
2025-09-28 22:28:17,996 INFO: abl-booth-tool startup [in /root/abl-booth-tool/backend/app/__init__.py:48]
2025-09-28 22:28:19,231 INFO: abl-booth-tool startup [in /root/abl-booth-tool/backend/app/__init__.py:48]
2025-09-28 22:28:20,443 INFO: abl-booth-tool startup [in /root/abl-booth-tool/backend/app/__init__.py:48]
2025-09-28 22:28:21,631 INFO: abl-booth-tool startup [in /root/abl-booth-tool/backend/app/__init__.py:48]
2025-09-28 22:28:22,816 INFO: abl-booth-tool startup [in /root/abl-booth-tool/backend/app/__init__.py:48]
2025-09-28 22:28:24,025 INFO: abl-booth-tool startup [in /root/abl-booth-tool/backend/app/__init__.py:48]
2025-09-28 22:28:25,432 INFO: abl-booth-tool startup [in /root/abl-booth-tool/backend/app/__init__.py:48]
2025-09-28 22:28:27,212 INFO: abl-booth-tool startup [in /root/abl-booth-tool/backend/app/__init__.py:48]
2025-09-28 22:28:28,535 INFO: abl-booth-tool startup [in /root/abl-booth-tool/backend/app/__init__.py:48]
2025-09-28 22:28:30,066 INFO: abl-booth-tool startup [in /root/abl-booth-tool/backend/app/__init__.py:48]
2025-09-28 22:28:31,897 INFO: abl-booth-tool startup [in /root/abl-booth-tool/backend/app/__init__.py:48]
2025-09-28 22:28:33,107 INFO: abl-booth-tool startup [in /root/abl-booth-tool/backend/app/__init__.py:48]
2025-09-28 22:28:34,313 INFO: abl-booth-tool startup [in /root/abl-booth-tool/backend/app/__init__.py:48]
2025-09-28 22:28:35,517 INFO: abl-booth-tool startup [in /root/abl-booth-tool/backend/app/__init__.py:48]
2025-09-28 22:28:36,747 INFO: abl-booth-tool startup [in /root/abl-booth-tool/backend/app/__init__.py:48]
2025-09-28 22:28:37,943 INFO: abl-booth-tool startup [in /root/abl-booth-tool/backend/app/__init__.py:48]
2025-09-28 22:28:39,134 INFO: abl-booth-tool startup [in /root/abl-booth-tool/backend/app/__init__.py:48]
2025-09-28 22:28:40,332 INFO: abl-booth-tool startup [in /root/abl-booth-tool/backend/app/__init__.py:48]
2025-09-28 22:28:41,526 INFO: abl-booth-tool startup [in /root/abl-booth-tool/backend/app/__init__.py:48]
2025-09-28 22:28:42,721 INFO: abl-booth-tool startup [in /root/abl-booth-tool/backend/app/__init__.py:48]
2025-09-28 22:28:43,905 INFO: abl-booth-tool startup [in /root/abl-booth-tool/backend/app/__init__.py:48]
2025-09-28 22:28:45,116 INFO: abl-booth-tool startup [in /root/abl-booth-tool/backend/app/__init__.py:48]
2025-09-28 22:28:46,341 INFO: abl-booth-tool startup [in /root/abl-booth-tool/backend/app/__init__.py:48]
2025-09-28 22:28:47,528 INFO: abl-booth-tool startup [in /root/abl-booth-tool/backend/app/__init__.py:48]
2025-09-28 22:28:48,705 INFO: abl-booth-tool startup [in /root/abl-booth-tool/backend/app/__init__.py:48]
2025-09-28 22:28:49,890 INFO: abl-booth-tool startup [in /root/abl-booth-tool/backend/app/__init__.py:48]
2025-09-28 22:28:51,066 INFO: abl-booth-tool startup [in /root/abl-booth-tool/backend/app/__init__.py:48]
2025-09-28 22:28:52,233 INFO: abl-booth-tool startup [in /root/abl-booth-tool/backend/app/__init__.py:48]
2025-09-28 22:28:53,428 INFO: abl-booth-tool startup [in /root/abl-booth-tool/backend/app/__init__.py:48]
2025-09-28 22:28:54,620 INFO: abl-booth-tool startup [in /root/abl-booth-tool/backend/app/__init__.py:48]
2025-09-28 22:28:55,820 INFO: abl-booth-tool startup [in /root/abl-booth-tool/backend/app/__init__.py:48]
2025-09-28 22:28:57,000 INFO: abl-booth-tool startup [in /root/abl-booth-tool/backend/app/__init__.py:48]
2025-09-28 22:28:58,172 INFO: abl-booth-tool startup [in /root/abl-booth-tool/backend/app/__init__.py:48]
2025-09-28 22:28:59,343 INFO: abl-booth-tool startup [in /root/abl-booth-tool/backend/app/__init__.py:48]
2025-09-28 22:29:00,543 INFO: abl-booth-tool startup [in /root/abl-booth-tool/backend/app/__init__.py:48]
2025-09-28 22:29:01,721 INFO: abl-booth-tool startup [in /root/abl-booth-tool/backend/app/__init__.py:48]
2025-09-28 22:29:03,170 INFO: abl-booth-tool startup [in /root/abl-booth-tool/backend/app/__init__.py:48]
2025-09-28 22:29:04,799 INFO: abl-booth-tool startup [in /root/abl-booth-tool/backend/app/__init__.py:48]
2025-09-28 22:29:05,968 INFO: abl-booth-tool startup [in /root/abl-booth-tool/backend/app/__init__.py:48]
2025-09-28 22:29:07,175 INFO: abl-booth-tool startup [in /root/abl-booth-tool/backend/app/__init__.py:48]
2025-09-28 22:29:08,463 INFO: abl-booth-tool startup [in /root/abl-booth-tool/backend/app/__init__.py:48]
2025-09-28 22:29:09,712 INFO: abl-booth-tool startup [in /root/abl-booth-tool/backend/app/__init__.py:48]
2025-09-28 22:29:10,867 INFO: abl-booth-tool startup [in /root/abl-booth-tool/backend/app/__init__.py:48]
2025-09-28 22:29:12,085 INFO: abl-booth-tool startup [in /root/abl-booth-tool/backend/app/__init__.py:48]
2025-09-28 22:29:13,222 INFO: abl-booth-tool startup [in /root/abl-booth-tool/backend/app/__init__.py:48]
2025-09-28 22:29:14,366 INFO: abl-booth-tool startup [in /root/abl-booth-tool/backend/app/__init__.py:48]
2025-09-28 22:29:15,566 INFO: abl-booth-tool startup [in /root/abl-booth-tool/backend/app/__init__.py:48]
2025-09-28 22:29:16,749 INFO: abl-booth-tool startup [in /root/abl-booth-tool/backend/app/__init__.py:48]
2025-09-28 22:29:18,052 INFO: abl-booth-tool startup [in /root/abl-booth-tool/backend/app/__init__.py:48]
2025-09-28 22:29:19,293 INFO: abl-booth-tool startup [in /root/abl-booth-tool/backend/app/__init__.py:48]
2025-09-28 22:29:20,469 INFO: abl-booth-tool startup [in /root/abl-booth-tool/backend/app/__init__.py:48]
2025-09-28 22:29:21,692 INFO: abl-booth-tool startup [in /root/abl-booth-tool/backend/app/__init__.py:48]
2025-09-28 22:29:22,958 INFO: abl-booth-tool startup [in /root/abl-booth-tool/backend/app/__init__.py:48]
2025-09-28 22:29:24,205 INFO: abl-booth-tool startup [in /root/abl-booth-tool/backend/app/__init__.py:48]
2025-09-28 22:29:25,408 INFO: abl-booth-tool startup [in /root/abl-booth-tool/backend/app/__init__.py:48]
2025-09-28 22:29:26,779 INFO: abl-booth-tool startup [in /root/abl-booth-tool/backend/app/__init__.py:48]
2025-09-28 22:29:28,036 INFO: abl-booth-tool startup [in /root/abl-booth-tool/backend/app/__init__.py:48]
2025-09-28 22:29:29,195 INFO: abl-booth-tool startup [in /root/abl-booth-tool/backend/app/__init__.py:48]
2025-09-28 22:29:30,423 INFO: abl-booth-tool startup [in /root/abl-booth-tool/backend/app/__init__.py:48]
2025-09-28 22:29:31,654 INFO: abl-booth-tool startup [in /root/abl-booth-tool/backend/app/__init__.py:48]
2025-09-28 22:29:32,850 INFO: abl-booth-tool startup [in /root/abl-booth-tool/backend/app/__init__.py:48]
2025-09-28 22:29:34,045 INFO: abl-booth-tool startup [in /root/abl-booth-tool/backend/app/__init__.py:48]
2025-09-28 22:29:35,216 INFO: abl-booth-tool startup [in /root/abl-booth-tool/backend/app/__init__.py:48]
2025-09-28 22:29:36,382 INFO: abl-booth-tool startup [in /root/abl-booth-tool/backend/app/__init__.py:48]
2025-09-28 22:29:37,540 INFO: abl-booth-tool startup [in /root/abl-booth-tool/backend/app/__init__.py:48]
2025-09-28 22:29:38,713 INFO: abl-booth-tool startup [in /root/abl-booth-tool/backend/app/__init__.py:48]
2025-09-28 22:29:39,872 INFO: abl-booth-tool startup [in /root/abl-booth-tool/backend/app/__init__.py:48]
2025-09-28 22:29:41,032 INFO: abl-booth-tool startup [in /root/abl-booth-tool/backend/app/__init__.py:48]
2025-09-28 22:29:42,197 INFO: abl-booth-tool startup [in /root/abl-booth-tool/backend/app/__init__.py:48]
2025-09-28 22:29:43,352 INFO: abl-booth-tool startup [in /root/abl-booth-tool/backend/app/__init__.py:48]
2025-09-28 22:29:44,544 INFO: abl-booth-tool startup [in /root/abl-booth-tool/backend/app/__init__.py:48]
2025-09-28 22:29:45,721 INFO: abl-booth-tool startup [in /root/abl-booth-tool/backend/app/__init__.py:48]
2025-09-28 22:29:46,977 INFO: abl-booth-tool startup [in /root/abl-booth-tool/backend/app/__init__.py:48]
2025-09-28 22:29:48,132 INFO: abl-booth-tool startup [in /root/abl-booth-tool/backend/app/__init__.py:48]
2025-09-28 22:29:49,275 INFO: abl-booth-tool startup [in /root/abl-booth-tool/backend/app/__init__.py:48]
2025-09-28 22:29:50,418 INFO: abl-booth-tool startup [in /root/abl-booth-tool/backend/app/__init__.py:48]
2025-09-28 22:29:51,581 INFO: abl-booth-tool startup [in /root/abl-booth-tool/backend/app/__init__.py:48]
2025-09-28 22:29:52,737 INFO: abl-booth-tool startup [in /root/abl-booth-tool/backend/app/__init__.py:48]
2025-09-28 22:29:53,919 INFO: abl-booth-tool startup [in /root/abl-booth-tool/backend/app/__init__.py:48]
2025-09-28 22:29:55,073 INFO: abl-booth-tool startup [in /root/abl-booth-tool/backend/app/__init__.py:48]
2025-09-28 22:29:56,235 INFO: abl-booth-tool startup [in /root/abl-booth-tool/backend/app/__init__.py:48]
2025-09-28 22:29:57,410 INFO: abl-booth-tool startup [in /root/abl-booth-tool/backend/app/__init__.py:48]
2025-09-28 22:29:58,648 INFO: abl-booth-tool startup [in /root/abl-booth-tool/backend/app/__init__.py:48]
2025-09-28 22:29:59,786 INFO: abl-booth-tool startup [in /root/abl-booth-tool/backend/app/__init__.py:48]
2025-09-28 22:30:01,124 INFO: abl-booth-tool startup [in /root/abl-booth-tool/backend/app/__init__.py:48]
2025-09-28 22:30:02,483 INFO: abl-booth-tool startup [in /root/abl-booth-tool/backend/app/__init__.py:48]
2025-09-28 22:30:03,709 INFO: abl-booth-tool startup [in /root/abl-booth-tool/backend/app/__init__.py:48]
2025-09-28 22:30:04,871 INFO: abl-booth-tool startup [in /root/abl-booth-tool/backend/app/__init__.py:48]
2025-09-28 22:30:06,019 INFO: abl-booth-tool startup [in /root/abl-booth-tool/backend/app/__init__.py:48]
2025-09-28 22:30:07,254 INFO: abl-booth-tool startup [in /root/abl-booth-tool/backend/app/__init__.py:48]
2025-09-28 22:30:08,432 INFO: abl-booth-tool startup [in /root/abl-booth-tool/backend/app/__init__.py:48]
2025-09-28 22:30:09,663 INFO: abl-booth-tool startup [in /root/abl-booth-tool/backend/app/__init__.py:48]
2025-09-28 22:30:10,931 INFO: abl-booth-tool startup [in /root/abl-booth-tool/backend/app/__init__.py:48]
2025-09-28 22:30:13,161 INFO: abl-booth-tool startup [in /root/abl-booth-tool/backend/app/__init__.py:48]
2025-09-28 22:30:14,733 INFO: abl-booth-tool startup [in /root/abl-booth-tool/backend/app/__init__.py:48]
2025-09-28 22:30:15,829 INFO: abl-booth-tool startup [in /root/abl-booth-tool/backend/app/__init__.py:48]
2025-09-28 22:30:17,084 INFO: abl-booth-tool startup [in /root/abl-booth-tool/backend/app/__init__.py:48]
2025-09-28 22:30:18,227 INFO: abl-booth-tool startup [in /root/abl-booth-tool/backend/app/__init__.py:48]
2025-09-28 22:30:19,399 INFO: abl-booth-tool startup [in /root/abl-booth-tool/backend/app/__init__.py:48]
2025-09-28 22:30:20,614 INFO: abl-booth-tool startup [in /root/abl-booth-tool/backend/app/__init__.py:48]
2025-09-28 22:30:21,702 INFO: abl-booth-tool startup [in /root/abl-booth-tool/backend/app/__init__.py:48]
2025-09-28 22:30:22,856 INFO: abl-booth-tool startup [in /root/abl-booth-tool/backend/app/__init__.py:48]
2025-09-28 22:30:23,937 INFO: abl-booth-tool startup [in /root/abl-booth-tool/backend/app/__init__.py:48]
2025-09-28 22:30:24,986 INFO: abl-booth-tool startup [in /root/abl-booth-tool/backend/app/__init__.py:48]
2025-09-28 22:30:26,371 INFO: abl-booth-tool startup [in /root/abl-booth-tool/backend/app/__init__.py:48]
2025-09-28 22:30:27,847 INFO: abl-booth-tool startup [in /root/abl-booth-tool/backend/app/__init__.py:48]
2025-09-28 22:30:29,098 INFO: abl-booth-tool startup [in /root/abl-booth-tool/backend/app/__init__.py:48]
2025-09-28 22:30:56,730 INFO: abl-booth-tool startup [in /root/abl-booth-tool/backend/app/__init__.py:48]
2025-09-28 22:30:58,116 INFO: abl-booth-tool startup [in /root/abl-booth-tool/backend/app/__init__.py:48]
2025-09-28 22:30:59,452 INFO: abl-booth-tool startup [in /root/abl-booth-tool/backend/app/__init__.py:48]
2025-09-28 22:31:00,923 INFO: abl-booth-tool startup [in /root/abl-booth-tool/backend/app/__init__.py:48]
2025-09-28 22:31:02,237 INFO: abl-booth-tool startup [in /root/abl-booth-tool/backend/app/__init__.py:48]
2025-09-28 22:31:03,422 INFO: abl-booth-tool startup [in /root/abl-booth-tool/backend/app/__init__.py:48]
2025-09-28 22:31:04,726 INFO: abl-booth-tool startup [in /root/abl-booth-tool/backend/app/__init__.py:48]
2025-09-28 22:31:05,925 INFO: abl-booth-tool startup [in /root/abl-booth-tool/backend/app/__init__.py:48]
2025-09-28 22:31:07,143 INFO: abl-booth-tool startup [in /root/abl-booth-tool/backend/app/__init__.py:48]
2025-09-28 22:31:08,358 INFO: abl-booth-tool startup [in /root/abl-booth-tool/backend/app/__init__.py:48]
2025-09-28 22:31:09,575 INFO: abl-booth-tool startup [in /root/abl-booth-tool/backend/app/__init__.py:48]
2025-09-28 22:31:10,766 INFO: abl-booth-tool startup [in /root/abl-booth-tool/backend/app/__init__.py:48]
2025-09-28 22:31:11,958 INFO: abl-booth-tool startup [in /root/abl-booth-tool/backend/app/__init__.py:48]
2025-09-28 22:31:13,135 INFO: abl-booth-tool startup [in /root/abl-booth-tool/backend/app/__init__.py:48]
2025-09-28 22:31:14,314 INFO: abl-booth-tool startup [in /root/abl-booth-tool/backend/app/__init__.py:48]
2025-09-28 22:31:15,499 INFO: abl-booth-tool startup [in /root/abl-booth-tool/backend/app/__init__.py:48]
2025-09-28 22:31:16,820 INFO: abl-booth-tool startup [in /root/abl-booth-tool/backend/app/__init__.py:48]
2025-09-28 22:31:18,030 INFO: abl-booth-tool startup [in /root/abl-booth-tool/backend/app/__init__.py:48]
2025-09-28 22:31:19,281 INFO: abl-booth-tool startup [in /root/abl-booth-tool/backend/app/__init__.py:48]
2025-09-28 22:31:20,547 INFO: abl-booth-tool startup [in /root/abl-booth-tool/backend/app/__init__.py:48]
2025-09-28 22:31:22,075 INFO: abl-booth-tool startup [in /root/abl-booth-tool/backend/app/__init__.py:48]
2025-09-28 22:31:23,507 INFO: abl-booth-tool startup [in /root/abl-booth-tool/backend/app/__init__.py:48]
2025-09-28 22:31:24,881 INFO: abl-booth-tool startup [in /root/abl-booth-tool/backend/app/__init__.py:48]
2025-09-28 22:31:26,224 INFO: abl-booth-tool startup [in /root/abl-booth-tool/backend/app/__init__.py:48]
2025-09-28 22:31:28,043 INFO: abl-booth-tool startup [in /root/abl-booth-tool/backend/app/__init__.py:48]
2025-09-28 22:31:29,847 INFO: abl-booth-tool startup [in /root/abl-booth-tool/backend/app/__init__.py:48]
2025-09-28 22:31:31,215 INFO: abl-booth-tool startup [in /root/abl-booth-tool/backend/app/__init__.py:48]
2025-09-28 22:31:32,424 INFO: abl-booth-tool startup [in /root/abl-booth-tool/backend/app/__init__.py:48]
2025-09-28 22:31:33,681 INFO: abl-booth-tool startup [in /root/abl-booth-tool/backend/app/__init__.py:48]
2025-09-28 22:31:34,881 INFO: abl-booth-tool startup [in /root/abl-booth-tool/backend/app/__init__.py:48]
2025-09-28 22:31:36,311 INFO: abl-booth-tool startup [in /root/abl-booth-tool/backend/app/__init__.py:48]
2025-09-28 22:31:37,578 INFO: abl-booth-tool startup [in /root/abl-booth-tool/backend/app/__init__.py:48]
2025-09-28 22:31:38,835 INFO: abl-booth-tool startup [in /root/abl-booth-tool/backend/app/__init__.py:48]
2025-09-28 22:31:40,065 INFO: abl-booth-tool startup [in /root/abl-booth-tool/backend/app/__init__.py:48]
2025-09-28 22:31:41,312 INFO: abl-booth-tool startup [in /root/abl-booth-tool/backend/app/__init__.py:48]
2025-09-28 22:31:42,653 INFO: abl-booth-tool startup [in /root/abl-booth-tool/backend/app/__init__.py:48]
2025-09-28 22:31:43,867 INFO: abl-booth-tool startup [in /root/abl-booth-tool/backend/app/__init__.py:48]
2025-09-28 22:31:45,144 INFO: abl-booth-tool startup [in /root/abl-booth-tool/backend/app/__init__.py:48]
2025-09-28 22:31:46,312 INFO: abl-booth-tool startup [in /root/abl-booth-tool/backend/app/__init__.py:48]
2025-09-28 22:31:47,590 INFO: abl-booth-tool startup [in /root/abl-booth-tool/backend/app/__init__.py:48]
2025-09-28 22:31:48,873 INFO: abl-booth-tool startup [in /root/abl-booth-tool/backend/app/__init__.py:48]
2025-09-28 22:31:50,079 INFO: abl-booth-tool startup [in /root/abl-booth-tool/backend/app/__init__.py:48]
2025-09-28 22:31:51,246 INFO: abl-booth-tool startup [in /root/abl-booth-tool/backend/app/__init__.py:48]
2025-09-28 22:31:52,404 INFO: abl-booth-tool startup [in /root/abl-booth-tool/backend/app/__init__.py:48]
2025-09-28 22:31:53,607 INFO: abl-booth-tool startup [in /root/abl-booth-tool/backend/app/__init__.py:48]
2025-09-28 22:31:54,785 INFO: abl-booth-tool startup [in /root/abl-booth-tool/backend/app/__init__.py:48]
2025-09-28 22:31:55,946 INFO: abl-booth-tool startup [in /root/abl-booth-tool/backend/app/__init__.py:48]
2025-09-28 22:31:57,101 INFO: abl-booth-tool startup [in /root/abl-booth-tool/backend/app/__init__.py:48]
2025-09-28 22:31:58,261 INFO: abl-booth-tool startup [in /root/abl-booth-tool/backend/app/__init__.py:48]
2025-09-28 22:31:59,392 INFO: abl-booth-tool startup [in /root/abl-booth-tool/backend/app/__init__.py:48]
2025-09-28 22:32:00,638 INFO: abl-booth-tool startup [in /root/abl-booth-tool/backend/app/__init__.py:48]
2025-09-28 22:32:01,861 INFO: abl-booth-tool startup [in /root/abl-booth-tool/backend/app/__init__.py:48]
2025-09-28 22:32:03,089 INFO: abl-booth-tool startup [in /root/abl-booth-tool/backend/app/__init__.py:48]
2025-09-28 22:32:04,317 INFO: abl-booth-tool startup [in /root/abl-booth-tool/backend/app/__init__.py:48]
2025-09-28 22:32:05,590 INFO: abl-booth-tool startup [in /root/abl-booth-tool/backend/app/__init__.py:48]
2025-09-28 22:32:07,016 INFO: abl-booth-tool startup [in /root/abl-booth-tool/backend/app/__init__.py:48]
2025-09-28 22:32:08,207 INFO: abl-booth-tool startup [in /root/abl-booth-tool/backend/app/__init__.py:48]
2025-09-28 22:32:09,503 INFO: abl-booth-tool startup [in /root/abl-booth-tool/backend/app/__init__.py:48]
2025-09-28 22:38:44,423 INFO: abl-booth-tool startup [in /root/abl-booth-tool/backend/app/__init__.py:48]
2025-09-28 22:38:44,509 INFO: abl-booth-tool startup [in /root/abl-booth-tool/backend/app/__init__.py:48]
2025-09-28 22:38:44,717 INFO: abl-booth-tool startup [in /root/abl-booth-tool/backend/app/__init__.py:48]
2025-09-28 22:48:26,985 INFO: abl-booth-tool startup [in /root/abl-booth-tool/backend/app/__init__.py:48]
2025-09-28 22:48:27,215 INFO: abl-booth-tool startup [in /root/abl-booth-tool/backend/app/__init__.py:48]
2025-09-28 22:48:27,220 INFO: abl-booth-tool startup [in /root/abl-booth-tool/backend/app/__init__.py:48]
